The system is: Linux - 3.5.0-34-generic - x86_64
Compiling the C compiler identification source file "CMakeCCompilerId.c" succeeded.
Compiler: /usr/bin/cc 
Build flags: 
Id flags: 

The output was:
0


Compilation of the C compiler identification source "CMakeCCompilerId.c" produced "a.out"

The C compiler identification is GNU, found in "/home/emma/Downloads/voreen-src-4.4-unix/CMakeFiles/2.8.11.2/CompilerIdC/a.out"

Compiling the CXX compiler identification source file "CMakeCXXCompilerId.cpp" succeeded.
Compiler: /usr/bin/c++ 
Build flags: 
Id flags: 

The output was:
0


Compilation of the CXX compiler identification source "CMakeCXXCompilerId.cpp" produced "a.out"

The CXX compiler identification is GNU, found in "/home/emma/Downloads/voreen-src-4.4-unix/CMakeFiles/2.8.11.2/CompilerIdCXX/a.out"

Determining if the C compiler works passed with the following output:
Change Dir: /home/emma/Downloads/voreen-src-4.4-unix/CMakeFiles/CMakeTmp

Run Build Command:/usr/bin/make "cmTryCompileExec4193131088/fast"
/usr/bin/make -f CMakeFiles/cmTryCompileExec4193131088.dir/build.make CMakeFiles/cmTryCompileExec4193131088.dir/build
make[1]: Entering directory `/home/emma/Downloads/voreen-src-4.4-unix/CMakeFiles/CMakeTmp'
/home/emma/Downloads/cmake-2.8.11.2-Linux-i386/bin/cmake -E cmake_progress_report /home/emma/Downloads/voreen-src-4.4-unix/CMakeFiles/CMakeTmp/CMakeFiles 1
Building C object CMakeFiles/cmTryCompileExec4193131088.dir/testCCompiler.c.o
/usr/bin/cc    -o CMakeFiles/cmTryCompileExec4193131088.dir/testCCompiler.c.o   -c /home/emma/Downloads/voreen-src-4.4-unix/CMakeFiles/CMakeTmp/testCCompiler.c
Linking C executable cmTryCompileExec4193131088
/home/emma/Downloads/cmake-2.8.11.2-Linux-i386/bin/cmake -E cmake_link_script CMakeFiles/cmTryCompileExec4193131088.dir/link.txt --verbose=1
/usr/bin/cc         CMakeFiles/cmTryCompileExec4193131088.dir/testCCompiler.c.o  -o cmTryCompileExec4193131088 -rdynamic 
make[1]: Leaving directory `/home/emma/Downloads/voreen-src-4.4-unix/CMakeFiles/CMakeTmp'


Detecting C compiler ABI info compiled with the following output:
Change Dir: /home/emma/Downloads/voreen-src-4.4-unix/CMakeFiles/CMakeTmp

Run Build Command:/usr/bin/make "cmTryCompileExec3803158793/fast"
/usr/bin/make -f CMakeFiles/cmTryCompileExec3803158793.dir/build.make CMakeFiles/cmTryCompileExec3803158793.dir/build
make[1]: Entering directory `/home/emma/Downloads/voreen-src-4.4-unix/CMakeFiles/CMakeTmp'
/home/emma/Downloads/cmake-2.8.11.2-Linux-i386/bin/cmake -E cmake_progress_report /home/emma/Downloads/voreen-src-4.4-unix/CMakeFiles/CMakeTmp/CMakeFiles 1
Building C object CMakeFiles/cmTryCompileExec3803158793.dir/CMakeCCompilerABI.c.o
/usr/bin/cc    -o CMakeFiles/cmTryCompileExec3803158793.dir/CMakeCCompilerABI.c.o   -c /home/emma/Downloads/cmake-2.8.11.2-Linux-i386/share/cmake-2.8/Modules/CMakeCCompilerABI.c
Linking C executable cmTryCompileExec3803158793
/home/emma/Downloads/cmake-2.8.11.2-Linux-i386/bin/cmake -E cmake_link_script CMakeFiles/cmTryCompileExec3803158793.dir/link.txt --verbose=1
/usr/bin/cc       -v CMakeFiles/cmTryCompileExec3803158793.dir/CMakeCCompilerABI.c.o  -o cmTryCompileExec3803158793 -rdynamic  
Using built-in specs.
COLLECT_GCC=/usr/bin/cc
COLLECT_LTO_WRAPPER=/usr/lib/gcc/x86_64-linux-gnu/4.6/lto-wrapper
Target: x86_64-linux-gnu
Configured with: ../src/configure -v --with-pkgversion='Ubuntu/Linaro 4.6.3-1ubuntu5' --with-bugurl=file:///usr/share/doc/gcc-4.6/README.Bugs --enable-languages=c,c++,fortran,objc,obj-c++ --prefix=/usr --program-suffix=-4.6 --enable-shared --enable-linker-build-id --with-system-zlib --libexecdir=/usr/lib --without-included-gettext --enable-threads=posix --with-gxx-include-dir=/usr/include/c++/4.6 --libdir=/usr/lib --enable-nls --with-sysroot=/ --enable-clocale=gnu --enable-libstdcxx-debug --enable-libstdcxx-time=yes --enable-gnu-unique-object --enable-plugin --enable-objc-gc --disable-werror --with-arch-32=i686 --with-tune=generic --enable-checking=release --build=x86_64-linux-gnu --host=x86_64-linux-gnu --target=x86_64-linux-gnu
Thread model: posix
gcc version 4.6.3 (Ubuntu/Linaro 4.6.3-1ubuntu5) 
COMPILER_PATH=/usr/lib/gcc/x86_64-linux-gnu/4.6/:/usr/lib/gcc/x86_64-linux-gnu/4.6/:/usr/lib/gcc/x86_64-linux-gnu/:/usr/lib/gcc/x86_64-linux-gnu/4.6/:/usr/lib/gcc/x86_64-linux-gnu/
LIBRARY_PATH=/usr/lib/gcc/x86_64-linux-gnu/4.6/:/usr/lib/gcc/x86_64-linux-gnu/4.6/../../../x86_64-linux-gnu/:/usr/lib/gcc/x86_64-linux-gnu/4.6/../../../../lib/:/lib/x86_64-linux-gnu/:/lib/../lib/:/usr/lib/x86_64-linux-gnu/:/usr/lib/../lib/:/usr/lib/gcc/x86_64-linux-gnu/4.6/../../../:/lib/:/usr/lib/
COLLECT_GCC_OPTIONS='-v' '-o' 'cmTryCompileExec3803158793' '-rdynamic' '-mtune=generic' '-march=x86-64'
 /usr/lib/gcc/x86_64-linux-gnu/4.6/collect2 --sysroot=/ --build-id --no-add-needed --as-needed --eh-frame-hdr -m elf_x86_64 --hash-style=gnu -export-dynamic -dynamic-linker /lib64/ld-linux-x86-64.so.2 -z relro -o cmTryCompileExec3803158793 /usr/lib/gcc/x86_64-linux-gnu/4.6/../../../x86_64-linux-gnu/crt1.o /usr/lib/gcc/x86_64-linux-gnu/4.6/../../../x86_64-linux-gnu/crti.o /usr/lib/gcc/x86_64-linux-gnu/4.6/crtbegin.o -L/usr/lib/gcc/x86_64-linux-gnu/4.6 -L/usr/lib/gcc/x86_64-linux-gnu/4.6/../../../x86_64-linux-gnu -L/usr/lib/gcc/x86_64-linux-gnu/4.6/../../../../lib -L/lib/x86_64-linux-gnu -L/lib/../lib -L/usr/lib/x86_64-linux-gnu -L/usr/lib/../lib -L/usr/lib/gcc/x86_64-linux-gnu/4.6/../../.. CMakeFiles/cmTryCompileExec3803158793.dir/CMakeCCompilerABI.c.o -lgcc --as-needed -lgcc_s --no-as-needed -lc -lgcc --as-needed -lgcc_s --no-as-needed /usr/lib/gcc/x86_64-linux-gnu/4.6/crtend.o /usr/lib/gcc/x86_64-linux-gnu/4.6/../../../x86_64-linux-gnu/crtn.o
make[1]: Leaving directory `/home/emma/Downloads/voreen-src-4.4-unix/CMakeFiles/CMakeTmp'


Parsed C implicit link information from above output:
  link line regex: [^( *|.*[/\])(ld|ld|collect2)[^/\]*( |$)]
  ignore line: [Change Dir: /home/emma/Downloads/voreen-src-4.4-unix/CMakeFiles/CMakeTmp]
  ignore line: []
  ignore line: [Run Build Command:/usr/bin/make "cmTryCompileExec3803158793/fast"]
  ignore line: [/usr/bin/make -f CMakeFiles/cmTryCompileExec3803158793.dir/build.make CMakeFiles/cmTryCompileExec3803158793.dir/build]
  ignore line: [make[1]: Entering directory `/home/emma/Downloads/voreen-src-4.4-unix/CMakeFiles/CMakeTmp']
  ignore line: [/home/emma/Downloads/cmake-2.8.11.2-Linux-i386/bin/cmake -E cmake_progress_report /home/emma/Downloads/voreen-src-4.4-unix/CMakeFiles/CMakeTmp/CMakeFiles 1]
  ignore line: [Building C object CMakeFiles/cmTryCompileExec3803158793.dir/CMakeCCompilerABI.c.o]
  ignore line: [/usr/bin/cc    -o CMakeFiles/cmTryCompileExec3803158793.dir/CMakeCCompilerABI.c.o   -c /home/emma/Downloads/cmake-2.8.11.2-Linux-i386/share/cmake-2.8/Modules/CMakeCCompilerABI.c]
  ignore line: [Linking C executable cmTryCompileExec3803158793]
  ignore line: [/home/emma/Downloads/cmake-2.8.11.2-Linux-i386/bin/cmake -E cmake_link_script CMakeFiles/cmTryCompileExec3803158793.dir/link.txt --verbose=1]
  ignore line: [/usr/bin/cc       -v CMakeFiles/cmTryCompileExec3803158793.dir/CMakeCCompilerABI.c.o  -o cmTryCompileExec3803158793 -rdynamic  ]
  ignore line: [Using built-in specs.]
  ignore line: [COLLECT_GCC=/usr/bin/cc]
  ignore line: [COLLECT_LTO_WRAPPER=/usr/lib/gcc/x86_64-linux-gnu/4.6/lto-wrapper]
  ignore line: [Target: x86_64-linux-gnu]
  ignore line: [Configured with: ../src/configure -v --with-pkgversion='Ubuntu/Linaro 4.6.3-1ubuntu5' --with-bugurl=file:///usr/share/doc/gcc-4.6/README.Bugs --enable-languages=c,c++,fortran,objc,obj-c++ --prefix=/usr --program-suffix=-4.6 --enable-shared --enable-linker-build-id --with-system-zlib --libexecdir=/usr/lib --without-included-gettext --enable-threads=posix --with-gxx-include-dir=/usr/include/c++/4.6 --libdir=/usr/lib --enable-nls --with-sysroot=/ --enable-clocale=gnu --enable-libstdcxx-debug --enable-libstdcxx-time=yes --enable-gnu-unique-object --enable-plugin --enable-objc-gc --disable-werror --with-arch-32=i686 --with-tune=generic --enable-checking=release --build=x86_64-linux-gnu --host=x86_64-linux-gnu --target=x86_64-linux-gnu]
  ignore line: [Thread model: posix]
  ignore line: [gcc version 4.6.3 (Ubuntu/Linaro 4.6.3-1ubuntu5) ]
  ignore line: [COMPILER_PATH=/usr/lib/gcc/x86_64-linux-gnu/4.6/:/usr/lib/gcc/x86_64-linux-gnu/4.6/:/usr/lib/gcc/x86_64-linux-gnu/:/usr/lib/gcc/x86_64-linux-gnu/4.6/:/usr/lib/gcc/x86_64-linux-gnu/]
  ignore line: [LIBRARY_PATH=/usr/lib/gcc/x86_64-linux-gnu/4.6/:/usr/lib/gcc/x86_64-linux-gnu/4.6/../../../x86_64-linux-gnu/:/usr/lib/gcc/x86_64-linux-gnu/4.6/../../../../lib/:/lib/x86_64-linux-gnu/:/lib/../lib/:/usr/lib/x86_64-linux-gnu/:/usr/lib/../lib/:/usr/lib/gcc/x86_64-linux-gnu/4.6/../../../:/lib/:/usr/lib/]
  ignore line: [COLLECT_GCC_OPTIONS='-v' '-o' 'cmTryCompileExec3803158793' '-rdynamic' '-mtune=generic' '-march=x86-64']
  link line: [ /usr/lib/gcc/x86_64-linux-gnu/4.6/collect2 --sysroot=/ --build-id --no-add-needed --as-needed --eh-frame-hdr -m elf_x86_64 --hash-style=gnu -export-dynamic -dynamic-linker /lib64/ld-linux-x86-64.so.2 -z relro -o cmTryCompileExec3803158793 /usr/lib/gcc/x86_64-linux-gnu/4.6/../../../x86_64-linux-gnu/crt1.o /usr/lib/gcc/x86_64-linux-gnu/4.6/../../../x86_64-linux-gnu/crti.o /usr/lib/gcc/x86_64-linux-gnu/4.6/crtbegin.o -L/usr/lib/gcc/x86_64-linux-gnu/4.6 -L/usr/lib/gcc/x86_64-linux-gnu/4.6/../../../x86_64-linux-gnu -L/usr/lib/gcc/x86_64-linux-gnu/4.6/../../../../lib -L/lib/x86_64-linux-gnu -L/lib/../lib -L/usr/lib/x86_64-linux-gnu -L/usr/lib/../lib -L/usr/lib/gcc/x86_64-linux-gnu/4.6/../../.. CMakeFiles/cmTryCompileExec3803158793.dir/CMakeCCompilerABI.c.o -lgcc --as-needed -lgcc_s --no-as-needed -lc -lgcc --as-needed -lgcc_s --no-as-needed /usr/lib/gcc/x86_64-linux-gnu/4.6/crtend.o /usr/lib/gcc/x86_64-linux-gnu/4.6/../../../x86_64-linux-gnu/crtn.o]
    arg [/usr/lib/gcc/x86_64-linux-gnu/4.6/collect2] ==> ignore
    arg [--sysroot=/] ==> ignore
    arg [--build-id] ==> ignore
    arg [--no-add-needed] ==> ignore
    arg [--as-needed] ==> ignore
    arg [--eh-frame-hdr] ==> ignore
    arg [-m] ==> ignore
    arg [elf_x86_64] ==> ignore
    arg [--hash-style=gnu] ==> ignore
    arg [-export-dynamic] ==> ignore
    arg [-dynamic-linker] ==> ignore
    arg [/lib64/ld-linux-x86-64.so.2] ==> ignore
    arg [-zrelro] ==> ignore
    arg [-o] ==> ignore
    arg [cmTryCompileExec3803158793] ==> ignore
    arg [/usr/lib/gcc/x86_64-linux-gnu/4.6/../../../x86_64-linux-gnu/crt1.o] ==> ignore
    arg [/usr/lib/gcc/x86_64-linux-gnu/4.6/../../../x86_64-linux-gnu/crti.o] ==> ignore
    arg [/usr/lib/gcc/x86_64-linux-gnu/4.6/crtbegin.o] ==> ignore
    arg [-L/usr/lib/gcc/x86_64-linux-gnu/4.6] ==> dir [/usr/lib/gcc/x86_64-linux-gnu/4.6]
    arg [-L/usr/lib/gcc/x86_64-linux-gnu/4.6/../../../x86_64-linux-gnu] ==> dir [/usr/lib/gcc/x86_64-linux-gnu/4.6/../../../x86_64-linux-gnu]
    arg [-L/usr/lib/gcc/x86_64-linux-gnu/4.6/../../../../lib] ==> dir [/usr/lib/gcc/x86_64-linux-gnu/4.6/../../../../lib]
    arg [-L/lib/x86_64-linux-gnu] ==> dir [/lib/x86_64-linux-gnu]
    arg [-L/lib/../lib] ==> dir [/lib/../lib]
    arg [-L/usr/lib/x86_64-linux-gnu] ==> dir [/usr/lib/x86_64-linux-gnu]
    arg [-L/usr/lib/../lib] ==> dir [/usr/lib/../lib]
    arg [-L/usr/lib/gcc/x86_64-linux-gnu/4.6/../../..] ==> dir [/usr/lib/gcc/x86_64-linux-gnu/4.6/../../..]
    arg [CMakeFiles/cmTryCompileExec3803158793.dir/CMakeCCompilerABI.c.o] ==> ignore
    arg [-lgcc] ==> lib [gcc]
    arg [--as-needed] ==> ignore
    arg [-lgcc_s] ==> lib [gcc_s]
    arg [--no-as-needed] ==> ignore
    arg [-lc] ==> lib [c]
    arg [-lgcc] ==> lib [gcc]
    arg [--as-needed] ==> ignore
    arg [-lgcc_s] ==> lib [gcc_s]
    arg [--no-as-needed] ==> ignore
    arg [/usr/lib/gcc/x86_64-linux-gnu/4.6/crtend.o] ==> ignore
    arg [/usr/lib/gcc/x86_64-linux-gnu/4.6/../../../x86_64-linux-gnu/crtn.o] ==> ignore
  remove lib [gcc]
  remove lib [gcc_s]
  remove lib [gcc]
  remove lib [gcc_s]
  collapse library dir [/usr/lib/gcc/x86_64-linux-gnu/4.6] ==> [/usr/lib/gcc/x86_64-linux-gnu/4.6]
  collapse library dir [/usr/lib/gcc/x86_64-linux-gnu/4.6/../../../x86_64-linux-gnu] ==> [/usr/lib/x86_64-linux-gnu]
  collapse library dir [/usr/lib/gcc/x86_64-linux-gnu/4.6/../../../../lib] ==> [/usr/lib]
  collapse library dir [/lib/x86_64-linux-gnu] ==> [/lib/x86_64-linux-gnu]
  collapse library dir [/lib/../lib] ==> [/lib]
  collapse library dir [/usr/lib/x86_64-linux-gnu] ==> [/usr/lib/x86_64-linux-gnu]
  collapse library dir [/usr/lib/../lib] ==> [/usr/lib]
  collapse library dir [/usr/lib/gcc/x86_64-linux-gnu/4.6/../../..] ==> [/usr/lib]
  implicit libs: [c]
  implicit dirs: [/usr/lib/gcc/x86_64-linux-gnu/4.6;/usr/lib/x86_64-linux-gnu;/usr/lib;/lib/x86_64-linux-gnu;/lib]
  implicit fwks: []


Determining if the CXX compiler works passed with the following output:
Change Dir: /home/emma/Downloads/voreen-src-4.4-unix/CMakeFiles/CMakeTmp

Run Build Command:/usr/bin/make "cmTryCompileExec2241904582/fast"
/usr/bin/make -f CMakeFiles/cmTryCompileExec2241904582.dir/build.make CMakeFiles/cmTryCompileExec2241904582.dir/build
make[1]: Entering directory `/home/emma/Downloads/voreen-src-4.4-unix/CMakeFiles/CMakeTmp'
/home/emma/Downloads/cmake-2.8.11.2-Linux-i386/bin/cmake -E cmake_progress_report /home/emma/Downloads/voreen-src-4.4-unix/CMakeFiles/CMakeTmp/CMakeFiles 1
Building CXX object CMakeFiles/cmTryCompileExec2241904582.dir/testCXXCompiler.cxx.o
/usr/bin/c++     -o CMakeFiles/cmTryCompileExec2241904582.dir/testCXXCompiler.cxx.o -c /home/emma/Downloads/voreen-src-4.4-unix/CMakeFiles/CMakeTmp/testCXXCompiler.cxx
Linking CXX executable cmTryCompileExec2241904582
/home/emma/Downloads/cmake-2.8.11.2-Linux-i386/bin/cmake -E cmake_link_script CMakeFiles/cmTryCompileExec2241904582.dir/link.txt --verbose=1
/usr/bin/c++          CMakeFiles/cmTryCompileExec2241904582.dir/testCXXCompiler.cxx.o  -o cmTryCompileExec2241904582 -rdynamic 
make[1]: Leaving directory `/home/emma/Downloads/voreen-src-4.4-unix/CMakeFiles/CMakeTmp'


Detecting CXX compiler ABI info compiled with the following output:
Change Dir: /home/emma/Downloads/voreen-src-4.4-unix/CMakeFiles/CMakeTmp

Run Build Command:/usr/bin/make "cmTryCompileExec2768109174/fast"
/usr/bin/make -f CMakeFiles/cmTryCompileExec2768109174.dir/build.make CMakeFiles/cmTryCompileExec2768109174.dir/build
make[1]: Entering directory `/home/emma/Downloads/voreen-src-4.4-unix/CMakeFiles/CMakeTmp'
/home/emma/Downloads/cmake-2.8.11.2-Linux-i386/bin/cmake -E cmake_progress_report /home/emma/Downloads/voreen-src-4.4-unix/CMakeFiles/CMakeTmp/CMakeFiles 1
Building CXX object CMakeFiles/cmTryCompileExec2768109174.dir/CMakeCXXCompilerABI.cpp.o
/usr/bin/c++     -o CMakeFiles/cmTryCompileExec2768109174.dir/CMakeCXXCompilerABI.cpp.o -c /home/emma/Downloads/cmake-2.8.11.2-Linux-i386/share/cmake-2.8/Modules/CMakeCXXCompilerABI.cpp
Linking CXX executable cmTryCompileExec2768109174
/home/emma/Downloads/cmake-2.8.11.2-Linux-i386/bin/cmake -E cmake_link_script CMakeFiles/cmTryCompileExec2768109174.dir/link.txt --verbose=1
/usr/bin/c++        -v CMakeFiles/cmTryCompileExec2768109174.dir/CMakeCXXCompilerABI.cpp.o  -o cmTryCompileExec2768109174 -rdynamic  
Using built-in specs.
COLLECT_GCC=/usr/bin/c++
COLLECT_LTO_WRAPPER=/usr/lib/gcc/x86_64-linux-gnu/4.6/lto-wrapper
Target: x86_64-linux-gnu
Configured with: ../src/configure -v --with-pkgversion='Ubuntu/Linaro 4.6.3-1ubuntu5' --with-bugurl=file:///usr/share/doc/gcc-4.6/README.Bugs --enable-languages=c,c++,fortran,objc,obj-c++ --prefix=/usr --program-suffix=-4.6 --enable-shared --enable-linker-build-id --with-system-zlib --libexecdir=/usr/lib --without-included-gettext --enable-threads=posix --with-gxx-include-dir=/usr/include/c++/4.6 --libdir=/usr/lib --enable-nls --with-sysroot=/ --enable-clocale=gnu --enable-libstdcxx-debug --enable-libstdcxx-time=yes --enable-gnu-unique-object --enable-plugin --enable-objc-gc --disable-werror --with-arch-32=i686 --with-tune=generic --enable-checking=release --build=x86_64-linux-gnu --host=x86_64-linux-gnu --target=x86_64-linux-gnu
Thread model: posix
gcc version 4.6.3 (Ubuntu/Linaro 4.6.3-1ubuntu5) 
COMPILER_PATH=/usr/lib/gcc/x86_64-linux-gnu/4.6/:/usr/lib/gcc/x86_64-linux-gnu/4.6/:/usr/lib/gcc/x86_64-linux-gnu/:/usr/lib/gcc/x86_64-linux-gnu/4.6/:/usr/lib/gcc/x86_64-linux-gnu/
LIBRARY_PATH=/usr/lib/gcc/x86_64-linux-gnu/4.6/:/usr/lib/gcc/x86_64-linux-gnu/4.6/../../../x86_64-linux-gnu/:/usr/lib/gcc/x86_64-linux-gnu/4.6/../../../../lib/:/lib/x86_64-linux-gnu/:/lib/../lib/:/usr/lib/x86_64-linux-gnu/:/usr/lib/../lib/:/usr/lib/gcc/x86_64-linux-gnu/4.6/../../../:/lib/:/usr/lib/
COLLECT_GCC_OPTIONS='-v' '-o' 'cmTryCompileExec2768109174' '-rdynamic' '-shared-libgcc' '-mtune=generic' '-march=x86-64'
 /usr/lib/gcc/x86_64-linux-gnu/4.6/collect2 --sysroot=/ --build-id --no-add-needed --as-needed --eh-frame-hdr -m elf_x86_64 --hash-style=gnu -export-dynamic -dynamic-linker /lib64/ld-linux-x86-64.so.2 -z relro -o cmTryCompileExec2768109174 /usr/lib/gcc/x86_64-linux-gnu/4.6/../../../x86_64-linux-gnu/crt1.o /usr/lib/gcc/x86_64-linux-gnu/4.6/../../../x86_64-linux-gnu/crti.o /usr/lib/gcc/x86_64-linux-gnu/4.6/crtbegin.o -L/usr/lib/gcc/x86_64-linux-gnu/4.6 -L/usr/lib/gcc/x86_64-linux-gnu/4.6/../../../x86_64-linux-gnu -L/usr/lib/gcc/x86_64-linux-gnu/4.6/../../../../lib -L/lib/x86_64-linux-gnu -L/lib/../lib -L/usr/lib/x86_64-linux-gnu -L/usr/lib/../lib -L/usr/lib/gcc/x86_64-linux-gnu/4.6/../../.. CMakeFiles/cmTryCompileExec2768109174.dir/CMakeCXXCompilerABI.cpp.o -lstdc++ -lm -lgcc_s -lgcc -lc -lgcc_s -lgcc /usr/lib/gcc/x86_64-linux-gnu/4.6/crtend.o /usr/lib/gcc/x86_64-linux-gnu/4.6/../../../x86_64-linux-gnu/crtn.o
make[1]: Leaving directory `/home/emma/Downloads/voreen-src-4.4-unix/CMakeFiles/CMakeTmp'


Parsed CXX implicit link information from above output:
  link line regex: [^( *|.*[/\])(ld|ld|collect2)[^/\]*( |$)]
  ignore line: [Change Dir: /home/emma/Downloads/voreen-src-4.4-unix/CMakeFiles/CMakeTmp]
  ignore line: []
  ignore line: [Run Build Command:/usr/bin/make "cmTryCompileExec2768109174/fast"]
  ignore line: [/usr/bin/make -f CMakeFiles/cmTryCompileExec2768109174.dir/build.make CMakeFiles/cmTryCompileExec2768109174.dir/build]
  ignore line: [make[1]: Entering directory `/home/emma/Downloads/voreen-src-4.4-unix/CMakeFiles/CMakeTmp']
  ignore line: [/home/emma/Downloads/cmake-2.8.11.2-Linux-i386/bin/cmake -E cmake_progress_report /home/emma/Downloads/voreen-src-4.4-unix/CMakeFiles/CMakeTmp/CMakeFiles 1]
  ignore line: [Building CXX object CMakeFiles/cmTryCompileExec2768109174.dir/CMakeCXXCompilerABI.cpp.o]
  ignore line: [/usr/bin/c++     -o CMakeFiles/cmTryCompileExec2768109174.dir/CMakeCXXCompilerABI.cpp.o -c /home/emma/Downloads/cmake-2.8.11.2-Linux-i386/share/cmake-2.8/Modules/CMakeCXXCompilerABI.cpp]
  ignore line: [Linking CXX executable cmTryCompileExec2768109174]
  ignore line: [/home/emma/Downloads/cmake-2.8.11.2-Linux-i386/bin/cmake -E cmake_link_script CMakeFiles/cmTryCompileExec2768109174.dir/link.txt --verbose=1]
  ignore line: [/usr/bin/c++        -v CMakeFiles/cmTryCompileExec2768109174.dir/CMakeCXXCompilerABI.cpp.o  -o cmTryCompileExec2768109174 -rdynamic  ]
  ignore line: [Using built-in specs.]
  ignore line: [COLLECT_GCC=/usr/bin/c++]
  ignore line: [COLLECT_LTO_WRAPPER=/usr/lib/gcc/x86_64-linux-gnu/4.6/lto-wrapper]
  ignore line: [Target: x86_64-linux-gnu]
  ignore line: [Configured with: ../src/configure -v --with-pkgversion='Ubuntu/Linaro 4.6.3-1ubuntu5' --with-bugurl=file:///usr/share/doc/gcc-4.6/README.Bugs --enable-languages=c,c++,fortran,objc,obj-c++ --prefix=/usr --program-suffix=-4.6 --enable-shared --enable-linker-build-id --with-system-zlib --libexecdir=/usr/lib --without-included-gettext --enable-threads=posix --with-gxx-include-dir=/usr/include/c++/4.6 --libdir=/usr/lib --enable-nls --with-sysroot=/ --enable-clocale=gnu --enable-libstdcxx-debug --enable-libstdcxx-time=yes --enable-gnu-unique-object --enable-plugin --enable-objc-gc --disable-werror --with-arch-32=i686 --with-tune=generic --enable-checking=release --build=x86_64-linux-gnu --host=x86_64-linux-gnu --target=x86_64-linux-gnu]
  ignore line: [Thread model: posix]
  ignore line: [gcc version 4.6.3 (Ubuntu/Linaro 4.6.3-1ubuntu5) ]
  ignore line: [COMPILER_PATH=/usr/lib/gcc/x86_64-linux-gnu/4.6/:/usr/lib/gcc/x86_64-linux-gnu/4.6/:/usr/lib/gcc/x86_64-linux-gnu/:/usr/lib/gcc/x86_64-linux-gnu/4.6/:/usr/lib/gcc/x86_64-linux-gnu/]
  ignore line: [LIBRARY_PATH=/usr/lib/gcc/x86_64-linux-gnu/4.6/:/usr/lib/gcc/x86_64-linux-gnu/4.6/../../../x86_64-linux-gnu/:/usr/lib/gcc/x86_64-linux-gnu/4.6/../../../../lib/:/lib/x86_64-linux-gnu/:/lib/../lib/:/usr/lib/x86_64-linux-gnu/:/usr/lib/../lib/:/usr/lib/gcc/x86_64-linux-gnu/4.6/../../../:/lib/:/usr/lib/]
  ignore line: [COLLECT_GCC_OPTIONS='-v' '-o' 'cmTryCompileExec2768109174' '-rdynamic' '-shared-libgcc' '-mtune=generic' '-march=x86-64']
  link line: [ /usr/lib/gcc/x86_64-linux-gnu/4.6/collect2 --sysroot=/ --build-id --no-add-needed --as-needed --eh-frame-hdr -m elf_x86_64 --hash-style=gnu -export-dynamic -dynamic-linker /lib64/ld-linux-x86-64.so.2 -z relro -o cmTryCompileExec2768109174 /usr/lib/gcc/x86_64-linux-gnu/4.6/../../../x86_64-linux-gnu/crt1.o /usr/lib/gcc/x86_64-linux-gnu/4.6/../../../x86_64-linux-gnu/crti.o /usr/lib/gcc/x86_64-linux-gnu/4.6/crtbegin.o -L/usr/lib/gcc/x86_64-linux-gnu/4.6 -L/usr/lib/gcc/x86_64-linux-gnu/4.6/../../../x86_64-linux-gnu -L/usr/lib/gcc/x86_64-linux-gnu/4.6/../../../../lib -L/lib/x86_64-linux-gnu -L/lib/../lib -L/usr/lib/x86_64-linux-gnu -L/usr/lib/../lib -L/usr/lib/gcc/x86_64-linux-gnu/4.6/../../.. CMakeFiles/cmTryCompileExec2768109174.dir/CMakeCXXCompilerABI.cpp.o -lstdc++ -lm -lgcc_s -lgcc -lc -lgcc_s -lgcc /usr/lib/gcc/x86_64-linux-gnu/4.6/crtend.o /usr/lib/gcc/x86_64-linux-gnu/4.6/../../../x86_64-linux-gnu/crtn.o]
    arg [/usr/lib/gcc/x86_64-linux-gnu/4.6/collect2] ==> ignore
    arg [--sysroot=/] ==> ignore
    arg [--build-id] ==> ignore
    arg [--no-add-needed] ==> ignore
    arg [--as-needed] ==> ignore
    arg [--eh-frame-hdr] ==> ignore
    arg [-m] ==> ignore
    arg [elf_x86_64] ==> ignore
    arg [--hash-style=gnu] ==> ignore
    arg [-export-dynamic] ==> ignore
    arg [-dynamic-linker] ==> ignore
    arg [/lib64/ld-linux-x86-64.so.2] ==> ignore
    arg [-zrelro] ==> ignore
    arg [-o] ==> ignore
    arg [cmTryCompileExec2768109174] ==> ignore
    arg [/usr/lib/gcc/x86_64-linux-gnu/4.6/../../../x86_64-linux-gnu/crt1.o] ==> ignore
    arg [/usr/lib/gcc/x86_64-linux-gnu/4.6/../../../x86_64-linux-gnu/crti.o] ==> ignore
    arg [/usr/lib/gcc/x86_64-linux-gnu/4.6/crtbegin.o] ==> ignore
    arg [-L/usr/lib/gcc/x86_64-linux-gnu/4.6] ==> dir [/usr/lib/gcc/x86_64-linux-gnu/4.6]
    arg [-L/usr/lib/gcc/x86_64-linux-gnu/4.6/../../../x86_64-linux-gnu] ==> dir [/usr/lib/gcc/x86_64-linux-gnu/4.6/../../../x86_64-linux-gnu]
    arg [-L/usr/lib/gcc/x86_64-linux-gnu/4.6/../../../../lib] ==> dir [/usr/lib/gcc/x86_64-linux-gnu/4.6/../../../../lib]
    arg [-L/lib/x86_64-linux-gnu] ==> dir [/lib/x86_64-linux-gnu]
    arg [-L/lib/../lib] ==> dir [/lib/../lib]
    arg [-L/usr/lib/x86_64-linux-gnu] ==> dir [/usr/lib/x86_64-linux-gnu]
    arg [-L/usr/lib/../lib] ==> dir [/usr/lib/../lib]
    arg [-L/usr/lib/gcc/x86_64-linux-gnu/4.6/../../..] ==> dir [/usr/lib/gcc/x86_64-linux-gnu/4.6/../../..]
    arg [CMakeFiles/cmTryCompileExec2768109174.dir/CMakeCXXCompilerABI.cpp.o] ==> ignore
    arg [-lstdc++] ==> lib [stdc++]
    arg [-lm] ==> lib [m]
    arg [-lgcc_s] ==> lib [gcc_s]
    arg [-lgcc] ==> lib [gcc]
    arg [-lc] ==> lib [c]
    arg [-lgcc_s] ==> lib [gcc_s]
    arg [-lgcc] ==> lib [gcc]
    arg [/usr/lib/gcc/x86_64-linux-gnu/4.6/crtend.o] ==> ignore
    arg [/usr/lib/gcc/x86_64-linux-gnu/4.6/../../../x86_64-linux-gnu/crtn.o] ==> ignore
  remove lib [gcc_s]
  remove lib [gcc]
  remove lib [gcc_s]
  remove lib [gcc]
  collapse library dir [/usr/lib/gcc/x86_64-linux-gnu/4.6] ==> [/usr/lib/gcc/x86_64-linux-gnu/4.6]
  collapse library dir [/usr/lib/gcc/x86_64-linux-gnu/4.6/../../../x86_64-linux-gnu] ==> [/usr/lib/x86_64-linux-gnu]
  collapse library dir [/usr/lib/gcc/x86_64-linux-gnu/4.6/../../../../lib] ==> [/usr/lib]
  collapse library dir [/lib/x86_64-linux-gnu] ==> [/lib/x86_64-linux-gnu]
  collapse library dir [/lib/../lib] ==> [/lib]
  collapse library dir [/usr/lib/x86_64-linux-gnu] ==> [/usr/lib/x86_64-linux-gnu]
  collapse library dir [/usr/lib/../lib] ==> [/usr/lib]
  collapse library dir [/usr/lib/gcc/x86_64-linux-gnu/4.6/../../..] ==> [/usr/lib]
  implicit libs: [stdc++;m;c]
  implicit dirs: [/usr/lib/gcc/x86_64-linux-gnu/4.6;/usr/lib/x86_64-linux-gnu;/usr/lib;/lib/x86_64-linux-gnu;/lib]
  implicit fwks: []


Determining if the function XOpenDisplay exists in the /usr/lib/x86_64-linux-gnu/libX11.so;/usr/lib/x86_64-linux-gnu/libXext.so passed with the following output:
Change Dir: /home/emma/Downloads/voreen-src-4.4-unix/CMakeFiles/CMakeTmp

Run Build Command:/usr/bin/make "cmTryCompileExec1409201666/fast"
/usr/bin/make -f CMakeFiles/cmTryCompileExec1409201666.dir/build.make CMakeFiles/cmTryCompileExec1409201666.dir/build
make[1]: Entering directory `/home/emma/Downloads/voreen-src-4.4-unix/CMakeFiles/CMakeTmp'
/home/emma/Downloads/cmake-2.8.11.2-Linux-i386/bin/cmake -E cmake_progress_report /home/emma/Downloads/voreen-src-4.4-unix/CMakeFiles/CMakeTmp/CMakeFiles 1
Building C object CMakeFiles/cmTryCompileExec1409201666.dir/CheckFunctionExists.c.o
/usr/bin/cc   -DCHECK_FUNCTION_EXISTS=XOpenDisplay   -o CMakeFiles/cmTryCompileExec1409201666.dir/CheckFunctionExists.c.o   -c /home/emma/Downloads/cmake-2.8.11.2-Linux-i386/share/cmake-2.8/Modules/CheckFunctionExists.c
Linking C executable cmTryCompileExec1409201666
/home/emma/Downloads/cmake-2.8.11.2-Linux-i386/bin/cmake -E cmake_link_script CMakeFiles/cmTryCompileExec1409201666.dir/link.txt --verbose=1
/usr/bin/cc     -DCHECK_FUNCTION_EXISTS=XOpenDisplay    CMakeFiles/cmTryCompileExec1409201666.dir/CheckFunctionExists.c.o  -o cmTryCompileExec1409201666 -rdynamic -lX11 -lXext 
make[1]: Leaving directory `/home/emma/Downloads/voreen-src-4.4-unix/CMakeFiles/CMakeTmp'


Determining if the function gethostbyname exists passed with the following output:
Change Dir: /home/emma/Downloads/voreen-src-4.4-unix/CMakeFiles/CMakeTmp

Run Build Command:/usr/bin/make "cmTryCompileExec602594625/fast"
/usr/bin/make -f CMakeFiles/cmTryCompileExec602594625.dir/build.make CMakeFiles/cmTryCompileExec602594625.dir/build
make[1]: Entering directory `/home/emma/Downloads/voreen-src-4.4-unix/CMakeFiles/CMakeTmp'
/home/emma/Downloads/cmake-2.8.11.2-Linux-i386/bin/cmake -E cmake_progress_report /home/emma/Downloads/voreen-src-4.4-unix/CMakeFiles/CMakeTmp/CMakeFiles 1
Building C object CMakeFiles/cmTryCompileExec602594625.dir/CheckFunctionExists.c.o
/usr/bin/cc   -DCHECK_FUNCTION_EXISTS=gethostbyname   -o CMakeFiles/cmTryCompileExec602594625.dir/CheckFunctionExists.c.o   -c /home/emma/Downloads/cmake-2.8.11.2-Linux-i386/share/cmake-2.8/Modules/CheckFunctionExists.c
Linking C executable cmTryCompileExec602594625
/home/emma/Downloads/cmake-2.8.11.2-Linux-i386/bin/cmake -E cmake_link_script CMakeFiles/cmTryCompileExec602594625.dir/link.txt --verbose=1
/usr/bin/cc     -DCHECK_FUNCTION_EXISTS=gethostbyname    CMakeFiles/cmTryCompileExec602594625.dir/CheckFunctionExists.c.o  -o cmTryCompileExec602594625 -rdynamic 
make[1]: Leaving directory `/home/emma/Downloads/voreen-src-4.4-unix/CMakeFiles/CMakeTmp'


Determining if the function connect exists passed with the following output:
Change Dir: /home/emma/Downloads/voreen-src-4.4-unix/CMakeFiles/CMakeTmp

Run Build Command:/usr/bin/make "cmTryCompileExec588326435/fast"
/usr/bin/make -f CMakeFiles/cmTryCompileExec588326435.dir/build.make CMakeFiles/cmTryCompileExec588326435.dir/build
make[1]: Entering directory `/home/emma/Downloads/voreen-src-4.4-unix/CMakeFiles/CMakeTmp'
/home/emma/Downloads/cmake-2.8.11.2-Linux-i386/bin/cmake -E cmake_progress_report /home/emma/Downloads/voreen-src-4.4-unix/CMakeFiles/CMakeTmp/CMakeFiles 1
Building C object CMakeFiles/cmTryCompileExec588326435.dir/CheckFunctionExists.c.o
/usr/bin/cc   -DCHECK_FUNCTION_EXISTS=connect   -o CMakeFiles/cmTryCompileExec588326435.dir/CheckFunctionExists.c.o   -c /home/emma/Downloads/cmake-2.8.11.2-Linux-i386/share/cmake-2.8/Modules/CheckFunctionExists.c
Linking C executable cmTryCompileExec588326435
/home/emma/Downloads/cmake-2.8.11.2-Linux-i386/bin/cmake -E cmake_link_script CMakeFiles/cmTryCompileExec588326435.dir/link.txt --verbose=1
/usr/bin/cc     -DCHECK_FUNCTION_EXISTS=connect    CMakeFiles/cmTryCompileExec588326435.dir/CheckFunctionExists.c.o  -o cmTryCompileExec588326435 -rdynamic 
make[1]: Leaving directory `/home/emma/Downloads/voreen-src-4.4-unix/CMakeFiles/CMakeTmp'


Determining if the function remove exists passed with the following output:
Change Dir: /home/emma/Downloads/voreen-src-4.4-unix/CMakeFiles/CMakeTmp

Run Build Command:/usr/bin/make "cmTryCompileExec739463899/fast"
/usr/bin/make -f CMakeFiles/cmTryCompileExec739463899.dir/build.make CMakeFiles/cmTryCompileExec739463899.dir/build
make[1]: Entering directory `/home/emma/Downloads/voreen-src-4.4-unix/CMakeFiles/CMakeTmp'
/home/emma/Downloads/cmake-2.8.11.2-Linux-i386/bin/cmake -E cmake_progress_report /home/emma/Downloads/voreen-src-4.4-unix/CMakeFiles/CMakeTmp/CMakeFiles 1
Building C object CMakeFiles/cmTryCompileExec739463899.dir/CheckFunctionExists.c.o
/usr/bin/cc   -DCHECK_FUNCTION_EXISTS=remove   -o CMakeFiles/cmTryCompileExec739463899.dir/CheckFunctionExists.c.o   -c /home/emma/Downloads/cmake-2.8.11.2-Linux-i386/share/cmake-2.8/Modules/CheckFunctionExists.c
Linking C executable cmTryCompileExec739463899
/home/emma/Downloads/cmake-2.8.11.2-Linux-i386/bin/cmake -E cmake_link_script CMakeFiles/cmTryCompileExec739463899.dir/link.txt --verbose=1
/usr/bin/cc     -DCHECK_FUNCTION_EXISTS=remove    CMakeFiles/cmTryCompileExec739463899.dir/CheckFunctionExists.c.o  -o cmTryCompileExec739463899 -rdynamic 
make[1]: Leaving directory `/home/emma/Downloads/voreen-src-4.4-unix/CMakeFiles/CMakeTmp'


Determining if the function shmat exists passed with the following output:
Change Dir: /home/emma/Downloads/voreen-src-4.4-unix/CMakeFiles/CMakeTmp

Run Build Command:/usr/bin/make "cmTryCompileExec527768389/fast"
/usr/bin/make -f CMakeFiles/cmTryCompileExec527768389.dir/build.make CMakeFiles/cmTryCompileExec527768389.dir/build
make[1]: Entering directory `/home/emma/Downloads/voreen-src-4.4-unix/CMakeFiles/CMakeTmp'
/home/emma/Downloads/cmake-2.8.11.2-Linux-i386/bin/cmake -E cmake_progress_report /home/emma/Downloads/voreen-src-4.4-unix/CMakeFiles/CMakeTmp/CMakeFiles 1
Building C object CMakeFiles/cmTryCompileExec527768389.dir/CheckFunctionExists.c.o
/usr/bin/cc   -DCHECK_FUNCTION_EXISTS=shmat   -o CMakeFiles/cmTryCompileExec527768389.dir/CheckFunctionExists.c.o   -c /home/emma/Downloads/cmake-2.8.11.2-Linux-i386/share/cmake-2.8/Modules/CheckFunctionExists.c
Linking C executable cmTryCompileExec527768389
/home/emma/Downloads/cmake-2.8.11.2-Linux-i386/bin/cmake -E cmake_link_script CMakeFiles/cmTryCompileExec527768389.dir/link.txt --verbose=1
/usr/bin/cc     -DCHECK_FUNCTION_EXISTS=shmat    CMakeFiles/cmTryCompileExec527768389.dir/CheckFunctionExists.c.o  -o cmTryCompileExec527768389 -rdynamic 
make[1]: Leaving directory `/home/emma/Downloads/voreen-src-4.4-unix/CMakeFiles/CMakeTmp'


Determining if the function IceConnectionNumber exists in the ICE passed with the following output:
Change Dir: /home/emma/Downloads/voreen-src-4.4-unix/CMakeFiles/CMakeTmp

Run Build Command:/usr/bin/make "cmTryCompileExec730925567/fast"
/usr/bin/make -f CMakeFiles/cmTryCompileExec730925567.dir/build.make CMakeFiles/cmTryCompileExec730925567.dir/build
make[1]: Entering directory `/home/emma/Downloads/voreen-src-4.4-unix/CMakeFiles/CMakeTmp'
/home/emma/Downloads/cmake-2.8.11.2-Linux-i386/bin/cmake -E cmake_progress_report /home/emma/Downloads/voreen-src-4.4-unix/CMakeFiles/CMakeTmp/CMakeFiles 1
Building C object CMakeFiles/cmTryCompileExec730925567.dir/CheckFunctionExists.c.o
/usr/bin/cc   -DCHECK_FUNCTION_EXISTS=IceConnectionNumber   -o CMakeFiles/cmTryCompileExec730925567.dir/CheckFunctionExists.c.o   -c /home/emma/Downloads/cmake-2.8.11.2-Linux-i386/share/cmake-2.8/Modules/CheckFunctionExists.c
Linking C executable cmTryCompileExec730925567
/home/emma/Downloads/cmake-2.8.11.2-Linux-i386/bin/cmake -E cmake_link_script CMakeFiles/cmTryCompileExec730925567.dir/link.txt --verbose=1
/usr/bin/cc     -DCHECK_FUNCTION_EXISTS=IceConnectionNumber    CMakeFiles/cmTryCompileExec730925567.dir/CheckFunctionExists.c.o  -o cmTryCompileExec730925567 -rdynamic -lICE 
make[1]: Leaving directory `/home/emma/Downloads/voreen-src-4.4-unix/CMakeFiles/CMakeTmp'


Determining if the function XOpenDisplay exists in the /usr/lib/x86_64-linux-gnu/libX11.so;/usr/lib/x86_64-linux-gnu/libXext.so passed with the following output:
Change Dir: /home/emma/Downloads/voreen-src-4.4-unix/CMakeFiles/CMakeTmp

Run Build Command:/usr/bin/make "cmTryCompileExec916378062/fast"
/usr/bin/make -f CMakeFiles/cmTryCompileExec916378062.dir/build.make CMakeFiles/cmTryCompileExec916378062.dir/build
make[1]: Entering directory `/home/emma/Downloads/voreen-src-4.4-unix/CMakeFiles/CMakeTmp'
/home/emma/Downloads/cmake-2.8.11.2-Linux-i386/bin/cmake -E cmake_progress_report /home/emma/Downloads/voreen-src-4.4-unix/CMakeFiles/CMakeTmp/CMakeFiles 1
Building C object CMakeFiles/cmTryCompileExec916378062.dir/CheckFunctionExists.c.o
/usr/bin/cc   -DCHECK_FUNCTION_EXISTS=XOpenDisplay   -o CMakeFiles/cmTryCompileExec916378062.dir/CheckFunctionExists.c.o   -c /home/emma/Downloads/cmake-2.8.11.2-Linux-i386/share/cmake-2.8/Modules/CheckFunctionExists.c
Linking C executable cmTryCompileExec916378062
/home/emma/Downloads/cmake-2.8.11.2-Linux-i386/bin/cmake -E cmake_link_script CMakeFiles/cmTryCompileExec916378062.dir/link.txt --verbose=1
/usr/bin/cc     -DCHECK_FUNCTION_EXISTS=XOpenDisplay    CMakeFiles/cmTryCompileExec916378062.dir/CheckFunctionExists.c.o  -o cmTryCompileExec916378062 -rdynamic -lX11 -lXext 
make[1]: Leaving directory `/home/emma/Downloads/voreen-src-4.4-unix/CMakeFiles/CMakeTmp'


Determining if the function gethostbyname exists passed with the following output:
Change Dir: /home/emma/Downloads/voreen-src-4.4-unix/CMakeFiles/CMakeTmp

Run Build Command:/usr/bin/make "cmTryCompileExec4022879616/fast"
/usr/bin/make -f CMakeFiles/cmTryCompileExec4022879616.dir/build.make CMakeFiles/cmTryCompileExec4022879616.dir/build
make[1]: Entering directory `/home/emma/Downloads/voreen-src-4.4-unix/CMakeFiles/CMakeTmp'
/home/emma/Downloads/cmake-2.8.11.2-Linux-i386/bin/cmake -E cmake_progress_report /home/emma/Downloads/voreen-src-4.4-unix/CMakeFiles/CMakeTmp/CMakeFiles 1
Building C object CMakeFiles/cmTryCompileExec4022879616.dir/CheckFunctionExists.c.o
/usr/bin/cc   -DCHECK_FUNCTION_EXISTS=gethostbyname   -o CMakeFiles/cmTryCompileExec4022879616.dir/CheckFunctionExists.c.o   -c /home/emma/Downloads/cmake-2.8.11.2-Linux-i386/share/cmake-2.8/Modules/CheckFunctionExists.c
Linking C executable cmTryCompileExec4022879616
/home/emma/Downloads/cmake-2.8.11.2-Linux-i386/bin/cmake -E cmake_link_script CMakeFiles/cmTryCompileExec4022879616.dir/link.txt --verbose=1
/usr/bin/cc     -DCHECK_FUNCTION_EXISTS=gethostbyname    CMakeFiles/cmTryCompileExec4022879616.dir/CheckFunctionExists.c.o  -o cmTryCompileExec4022879616 -rdynamic 
make[1]: Leaving directory `/home/emma/Downloads/voreen-src-4.4-unix/CMakeFiles/CMakeTmp'


Determining if the function connect exists passed with the following output:
Change Dir: /home/emma/Downloads/voreen-src-4.4-unix/CMakeFiles/CMakeTmp

Run Build Command:/usr/bin/make "cmTryCompileExec322464053/fast"
/usr/bin/make -f CMakeFiles/cmTryCompileExec322464053.dir/build.make CMakeFiles/cmTryCompileExec322464053.dir/build
make[1]: Entering directory `/home/emma/Downloads/voreen-src-4.4-unix/CMakeFiles/CMakeTmp'
/home/emma/Downloads/cmake-2.8.11.2-Linux-i386/bin/cmake -E cmake_progress_report /home/emma/Downloads/voreen-src-4.4-unix/CMakeFiles/CMakeTmp/CMakeFiles 1
Building C object CMakeFiles/cmTryCompileExec322464053.dir/CheckFunctionExists.c.o
/usr/bin/cc   -DCHECK_FUNCTION_EXISTS=connect   -o CMakeFiles/cmTryCompileExec322464053.dir/CheckFunctionExists.c.o   -c /home/emma/Downloads/cmake-2.8.11.2-Linux-i386/share/cmake-2.8/Modules/CheckFunctionExists.c
Linking C executable cmTryCompileExec322464053
/home/emma/Downloads/cmake-2.8.11.2-Linux-i386/bin/cmake -E cmake_link_script CMakeFiles/cmTryCompileExec322464053.dir/link.txt --verbose=1
/usr/bin/cc     -DCHECK_FUNCTION_EXISTS=connect    CMakeFiles/cmTryCompileExec322464053.dir/CheckFunctionExists.c.o  -o cmTryCompileExec322464053 -rdynamic 
make[1]: Leaving directory `/home/emma/Downloads/voreen-src-4.4-unix/CMakeFiles/CMakeTmp'


Determining if the function remove exists passed with the following output:
Change Dir: /home/emma/Downloads/voreen-src-4.4-unix/CMakeFiles/CMakeTmp

Run Build Command:/usr/bin/make "cmTryCompileExec3043682904/fast"
/usr/bin/make -f CMakeFiles/cmTryCompileExec3043682904.dir/build.make CMakeFiles/cmTryCompileExec3043682904.dir/build
make[1]: Entering directory `/home/emma/Downloads/voreen-src-4.4-unix/CMakeFiles/CMakeTmp'
/home/emma/Downloads/cmake-2.8.11.2-Linux-i386/bin/cmake -E cmake_progress_report /home/emma/Downloads/voreen-src-4.4-unix/CMakeFiles/CMakeTmp/CMakeFiles 1
Building C object CMakeFiles/cmTryCompileExec3043682904.dir/CheckFunctionExists.c.o
/usr/bin/cc   -DCHECK_FUNCTION_EXISTS=remove   -o CMakeFiles/cmTryCompileExec3043682904.dir/CheckFunctionExists.c.o   -c /home/emma/Downloads/cmake-2.8.11.2-Linux-i386/share/cmake-2.8/Modules/CheckFunctionExists.c
Linking C executable cmTryCompileExec3043682904
/home/emma/Downloads/cmake-2.8.11.2-Linux-i386/bin/cmake -E cmake_link_script CMakeFiles/cmTryCompileExec3043682904.dir/link.txt --verbose=1
/usr/bin/cc     -DCHECK_FUNCTION_EXISTS=remove    CMakeFiles/cmTryCompileExec3043682904.dir/CheckFunctionExists.c.o  -o cmTryCompileExec3043682904 -rdynamic 
make[1]: Leaving directory `/home/emma/Downloads/voreen-src-4.4-unix/CMakeFiles/CMakeTmp'


Determining if the function shmat exists passed with the following output:
Change Dir: /home/emma/Downloads/voreen-src-4.4-unix/CMakeFiles/CMakeTmp

Run Build Command:/usr/bin/make "cmTryCompileExec2489633815/fast"
/usr/bin/make -f CMakeFiles/cmTryCompileExec2489633815.dir/build.make CMakeFiles/cmTryCompileExec2489633815.dir/build
make[1]: Entering directory `/home/emma/Downloads/voreen-src-4.4-unix/CMakeFiles/CMakeTmp'
/home/emma/Downloads/cmake-2.8.11.2-Linux-i386/bin/cmake -E cmake_progress_report /home/emma/Downloads/voreen-src-4.4-unix/CMakeFiles/CMakeTmp/CMakeFiles 1
Building C object CMakeFiles/cmTryCompileExec2489633815.dir/CheckFunctionExists.c.o
/usr/bin/cc   -DCHECK_FUNCTION_EXISTS=shmat   -o CMakeFiles/cmTryCompileExec2489633815.dir/CheckFunctionExists.c.o   -c /home/emma/Downloads/cmake-2.8.11.2-Linux-i386/share/cmake-2.8/Modules/CheckFunctionExists.c
Linking C executable cmTryCompileExec2489633815
/home/emma/Downloads/cmake-2.8.11.2-Linux-i386/bin/cmake -E cmake_link_script CMakeFiles/cmTryCompileExec2489633815.dir/link.txt --verbose=1
/usr/bin/cc     -DCHECK_FUNCTION_EXISTS=shmat    CMakeFiles/cmTryCompileExec2489633815.dir/CheckFunctionExists.c.o  -o cmTryCompileExec2489633815 -rdynamic 
make[1]: Leaving directory `/home/emma/Downloads/voreen-src-4.4-unix/CMakeFiles/CMakeTmp'


Determining if the function IceConnectionNumber exists in the ICE passed with the following output:
Change Dir: /home/emma/Downloads/voreen-src-4.4-unix/CMakeFiles/CMakeTmp

Run Build Command:/usr/bin/make "cmTryCompileExec730436031/fast"
/usr/bin/make -f CMakeFiles/cmTryCompileExec730436031.dir/build.make CMakeFiles/cmTryCompileExec730436031.dir/build
make[1]: Entering directory `/home/emma/Downloads/voreen-src-4.4-unix/CMakeFiles/CMakeTmp'
/home/emma/Downloads/cmake-2.8.11.2-Linux-i386/bin/cmake -E cmake_progress_report /home/emma/Downloads/voreen-src-4.4-unix/CMakeFiles/CMakeTmp/CMakeFiles 1
Building C object CMakeFiles/cmTryCompileExec730436031.dir/CheckFunctionExists.c.o
/usr/bin/cc   -DCHECK_FUNCTION_EXISTS=IceConnectionNumber   -o CMakeFiles/cmTryCompileExec730436031.dir/CheckFunctionExists.c.o   -c /home/emma/Downloads/cmake-2.8.11.2-Linux-i386/share/cmake-2.8/Modules/CheckFunctionExists.c
Linking C executable cmTryCompileExec730436031
/home/emma/Downloads/cmake-2.8.11.2-Linux-i386/bin/cmake -E cmake_link_script CMakeFiles/cmTryCompileExec730436031.dir/link.txt --verbose=1
/usr/bin/cc     -DCHECK_FUNCTION_EXISTS=IceConnectionNumber    CMakeFiles/cmTryCompileExec730436031.dir/CheckFunctionExists.c.o  -o cmTryCompileExec730436031 -rdynamic -lICE 
make[1]: Leaving directory `/home/emma/Downloads/voreen-src-4.4-unix/CMakeFiles/CMakeTmp'


Determining if the function XOpenDisplay exists in the /usr/lib/x86_64-linux-gnu/libX11.so;/usr/lib/x86_64-linux-gnu/libXext.so passed with the following output:
Change Dir: /home/emma/code/gitrepo/voreen-src-4.4-unix/CMakeFiles/CMakeTmp

Run Build Command:/usr/bin/make "cmTryCompileExec2138756287/fast"
/usr/bin/make -f CMakeFiles/cmTryCompileExec2138756287.dir/build.make CMakeFiles/cmTryCompileExec2138756287.dir/build
make[1]: Entering directory `/home/emma/code/gitrepo/voreen-src-4.4-unix/CMakeFiles/CMakeTmp'
/home/emma/Downloads/cmake-2.8.11.2-Linux-i386/bin/cmake -E cmake_progress_report /home/emma/code/gitrepo/voreen-src-4.4-unix/CMakeFiles/CMakeTmp/CMakeFiles 1
Building C object CMakeFiles/cmTryCompileExec2138756287.dir/CheckFunctionExists.c.o
/usr/bin/cc   -DCHECK_FUNCTION_EXISTS=XOpenDisplay   -o CMakeFiles/cmTryCompileExec2138756287.dir/CheckFunctionExists.c.o   -c /home/emma/Downloads/cmake-2.8.11.2-Linux-i386/share/cmake-2.8/Modules/CheckFunctionExists.c
Linking C executable cmTryCompileExec2138756287
/home/emma/Downloads/cmake-2.8.11.2-Linux-i386/bin/cmake -E cmake_link_script CMakeFiles/cmTryCompileExec2138756287.dir/link.txt --verbose=1
/usr/bin/cc     -DCHECK_FUNCTION_EXISTS=XOpenDisplay    CMakeFiles/cmTryCompileExec2138756287.dir/CheckFunctionExists.c.o  -o cmTryCompileExec2138756287 -rdynamic -lX11 -lXext 
make[1]: Leaving directory `/home/emma/code/gitrepo/voreen-src-4.4-unix/CMakeFiles/CMakeTmp'


Determining if the function gethostbyname exists passed with the following output:
Change Dir: /home/emma/code/gitrepo/voreen-src-4.4-unix/CMakeFiles/CMakeTmp

Run Build Command:/usr/bin/make "cmTryCompileExec3153411551/fast"
/usr/bin/make -f CMakeFiles/cmTryCompileExec3153411551.dir/build.make CMakeFiles/cmTryCompileExec3153411551.dir/build
make[1]: Entering directory `/home/emma/code/gitrepo/voreen-src-4.4-unix/CMakeFiles/CMakeTmp'
/home/emma/Downloads/cmake-2.8.11.2-Linux-i386/bin/cmake -E cmake_progress_report /home/emma/code/gitrepo/voreen-src-4.4-unix/CMakeFiles/CMakeTmp/CMakeFiles 1
Building C object CMakeFiles/cmTryCompileExec3153411551.dir/CheckFunctionExists.c.o
/usr/bin/cc   -DCHECK_FUNCTION_EXISTS=gethostbyname   -o CMakeFiles/cmTryCompileExec3153411551.dir/CheckFunctionExists.c.o   -c /home/emma/Downloads/cmake-2.8.11.2-Linux-i386/share/cmake-2.8/Modules/CheckFunctionExists.c
Linking C executable cmTryCompileExec3153411551
/home/emma/Downloads/cmake-2.8.11.2-Linux-i386/bin/cmake -E cmake_link_script CMakeFiles/cmTryCompileExec3153411551.dir/link.txt --verbose=1
/usr/bin/cc     -DCHECK_FUNCTION_EXISTS=gethostbyname    CMakeFiles/cmTryCompileExec3153411551.dir/CheckFunctionExists.c.o  -o cmTryCompileExec3153411551 -rdynamic 
make[1]: Leaving directory `/home/emma/code/gitrepo/voreen-src-4.4-unix/CMakeFiles/CMakeTmp'


Determining if the function connect exists passed with the following output:
Change Dir: /home/emma/code/gitrepo/voreen-src-4.4-unix/CMakeFiles/CMakeTmp

Run Build Command:/usr/bin/make "cmTryCompileExec3398123148/fast"
/usr/bin/make -f CMakeFiles/cmTryCompileExec3398123148.dir/build.make CMakeFiles/cmTryCompileExec3398123148.dir/build
make[1]: Entering directory `/home/emma/code/gitrepo/voreen-src-4.4-unix/CMakeFiles/CMakeTmp'
/home/emma/Downloads/cmake-2.8.11.2-Linux-i386/bin/cmake -E cmake_progress_report /home/emma/code/gitrepo/voreen-src-4.4-unix/CMakeFiles/CMakeTmp/CMakeFiles 1
Building C object CMakeFiles/cmTryCompileExec3398123148.dir/CheckFunctionExists.c.o
/usr/bin/cc   -DCHECK_FUNCTION_EXISTS=connect   -o CMakeFiles/cmTryCompileExec3398123148.dir/CheckFunctionExists.c.o   -c /home/emma/Downloads/cmake-2.8.11.2-Linux-i386/share/cmake-2.8/Modules/CheckFunctionExists.c
Linking C executable cmTryCompileExec3398123148
/home/emma/Downloads/cmake-2.8.11.2-Linux-i386/bin/cmake -E cmake_link_script CMakeFiles/cmTryCompileExec3398123148.dir/link.txt --verbose=1
/usr/bin/cc     -DCHECK_FUNCTION_EXISTS=connect    CMakeFiles/cmTryCompileExec3398123148.dir/CheckFunctionExists.c.o  -o cmTryCompileExec3398123148 -rdynamic 
make[1]: Leaving directory `/home/emma/code/gitrepo/voreen-src-4.4-unix/CMakeFiles/CMakeTmp'


Determining if the function remove exists passed with the following output:
Change Dir: /home/emma/code/gitrepo/voreen-src-4.4-unix/CMakeFiles/CMakeTmp

Run Build Command:/usr/bin/make "cmTryCompileExec130754880/fast"
/usr/bin/make -f CMakeFiles/cmTryCompileExec130754880.dir/build.make CMakeFiles/cmTryCompileExec130754880.dir/build
make[1]: Entering directory `/home/emma/code/gitrepo/voreen-src-4.4-unix/CMakeFiles/CMakeTmp'
/home/emma/Downloads/cmake-2.8.11.2-Linux-i386/bin/cmake -E cmake_progress_report /home/emma/code/gitrepo/voreen-src-4.4-unix/CMakeFiles/CMakeTmp/CMakeFiles 1
Building C object CMakeFiles/cmTryCompileExec130754880.dir/CheckFunctionExists.c.o
/usr/bin/cc   -DCHECK_FUNCTION_EXISTS=remove   -o CMakeFiles/cmTryCompileExec130754880.dir/CheckFunctionExists.c.o   -c /home/emma/Downloads/cmake-2.8.11.2-Linux-i386/share/cmake-2.8/Modules/CheckFunctionExists.c
Linking C executable cmTryCompileExec130754880
/home/emma/Downloads/cmake-2.8.11.2-Linux-i386/bin/cmake -E cmake_link_script CMakeFiles/cmTryCompileExec130754880.dir/link.txt --verbose=1
/usr/bin/cc     -DCHECK_FUNCTION_EXISTS=remove    CMakeFiles/cmTryCompileExec130754880.dir/CheckFunctionExists.c.o  -o cmTryCompileExec130754880 -rdynamic 
make[1]: Leaving directory `/home/emma/code/gitrepo/voreen-src-4.4-unix/CMakeFiles/CMakeTmp'


Determining if the function shmat exists passed with the following output:
Change Dir: /home/emma/code/gitrepo/voreen-src-4.4-unix/CMakeFiles/CMakeTmp

Run Build Command:/usr/bin/make "cmTryCompileExec2952336147/fast"
/usr/bin/make -f CMakeFiles/cmTryCompileExec2952336147.dir/build.make CMakeFiles/cmTryCompileExec2952336147.dir/build
make[1]: Entering directory `/home/emma/code/gitrepo/voreen-src-4.4-unix/CMakeFiles/CMakeTmp'
/home/emma/Downloads/cmake-2.8.11.2-Linux-i386/bin/cmake -E cmake_progress_report /home/emma/code/gitrepo/voreen-src-4.4-unix/CMakeFiles/CMakeTmp/CMakeFiles 1
Building C object CMakeFiles/cmTryCompileExec2952336147.dir/CheckFunctionExists.c.o
/usr/bin/cc   -DCHECK_FUNCTION_EXISTS=shmat   -o CMakeFiles/cmTryCompileExec2952336147.dir/CheckFunctionExists.c.o   -c /home/emma/Downloads/cmake-2.8.11.2-Linux-i386/share/cmake-2.8/Modules/CheckFunctionExists.c
Linking C executable cmTryCompileExec2952336147
/home/emma/Downloads/cmake-2.8.11.2-Linux-i386/bin/cmake -E cmake_link_script CMakeFiles/cmTryCompileExec2952336147.dir/link.txt --verbose=1
/usr/bin/cc     -DCHECK_FUNCTION_EXISTS=shmat    CMakeFiles/cmTryCompileExec2952336147.dir/CheckFunctionExists.c.o  -o cmTryCompileExec2952336147 -rdynamic 
make[1]: Leaving directory `/home/emma/code/gitrepo/voreen-src-4.4-unix/CMakeFiles/CMakeTmp'


Determining if the function IceConnectionNumber exists in the ICE passed with the following output:
Change Dir: /home/emma/code/gitrepo/voreen-src-4.4-unix/CMakeFiles/CMakeTmp

Run Build Command:/usr/bin/make "cmTryCompileExec4120798607/fast"
/usr/bin/make -f CMakeFiles/cmTryCompileExec4120798607.dir/build.make CMakeFiles/cmTryCompileExec4120798607.dir/build
make[1]: Entering directory `/home/emma/code/gitrepo/voreen-src-4.4-unix/CMakeFiles/CMakeTmp'
/home/emma/Downloads/cmake-2.8.11.2-Linux-i386/bin/cmake -E cmake_progress_report /home/emma/code/gitrepo/voreen-src-4.4-unix/CMakeFiles/CMakeTmp/CMakeFiles 1
Building C object CMakeFiles/cmTryCompileExec4120798607.dir/CheckFunctionExists.c.o
/usr/bin/cc   -DCHECK_FUNCTION_EXISTS=IceConnectionNumber   -o CMakeFiles/cmTryCompileExec4120798607.dir/CheckFunctionExists.c.o   -c /home/emma/Downloads/cmake-2.8.11.2-Linux-i386/share/cmake-2.8/Modules/CheckFunctionExists.c
Linking C executable cmTryCompileExec4120798607
/home/emma/Downloads/cmake-2.8.11.2-Linux-i386/bin/cmake -E cmake_link_script CMakeFiles/cmTryCompileExec4120798607.dir/link.txt --verbose=1
/usr/bin/cc     -DCHECK_FUNCTION_EXISTS=IceConnectionNumber    CMakeFiles/cmTryCompileExec4120798607.dir/CheckFunctionExists.c.o  -o cmTryCompileExec4120798607 -rdynamic -lICE 
make[1]: Leaving directory `/home/emma/code/gitrepo/voreen-src-4.4-unix/CMakeFiles/CMakeTmp'


